  glm.c
c:\users\gcobs\desktop\新增資料夾\cg_hw1\cg_hw1\103062116_hw_1-t\cg_hw1\cg_hw1\glm.c(1450): warning C4477: 'fprintf' : 格式字串 '%d' 需要 'int' 類型的引數，但 variadic 引數 1 的類型為 'GLfloat *'
  main.cpp
c:\users\gcobs\desktop\新增資料夾\cg_hw1\cg_hw1\103062116_hw_1-t\cg_hw1\cg_hw1\main.cpp(327): warning C4305: '=': 從 'double' 轉換為 'GLfloat'，是由較大的類型轉換為較小的類型，可能導致資料遺失
c:\users\gcobs\desktop\新增資料夾\cg_hw1\cg_hw1\103062116_hw_1-t\cg_hw1\cg_hw1\main.cpp(328): warning C4305: '=': 從 'double' 轉換為 'GLfloat'，是由較大的類型轉換為較小的類型，可能導致資料遺失
c:\users\gcobs\desktop\新增資料夾\cg_hw1\cg_hw1\103062116_hw_1-t\cg_hw1\cg_hw1\main.cpp(330): warning C4018: '<': signed/unsigned 不相符
c:\users\gcobs\desktop\新增資料夾\cg_hw1\cg_hw1\103062116_hw_1-t\cg_hw1\cg_hw1\main.cpp(355): warning C4018: '<': signed/unsigned 不相符
c:\users\gcobs\desktop\新增資料夾\cg_hw1\cg_hw1\103062116_hw_1-t\cg_hw1\cg_hw1\main.cpp(357): warning C4244: '=': 將 'double' 轉換為 'GLfloat'，由於類型不同，可能導致資料遺失
c:\users\gcobs\desktop\新增資料夾\cg_hw1\cg_hw1\103062116_hw_1-t\cg_hw1\cg_hw1\main.cpp(358): warning C4244: '=': 將 'double' 轉換為 'GLfloat'，由於類型不同，可能導致資料遺失
c:\users\gcobs\desktop\新增資料夾\cg_hw1\cg_hw1\103062116_hw_1-t\cg_hw1\cg_hw1\main.cpp(359): warning C4244: '=': 將 'double' 轉換為 'GLfloat'，由於類型不同，可能導致資料遺失
c:\users\gcobs\desktop\新增資料夾\cg_hw1\cg_hw1\103062116_hw_1-t\cg_hw1\cg_hw1\main.cpp(419): warning C4838: 從 'double' 到 'GLfloat' 的轉換必須是縮小轉換
c:\users\gcobs\desktop\新增資料夾\cg_hw1\cg_hw1\103062116_hw_1-t\cg_hw1\cg_hw1\main.cpp(419): warning C4305: '正在初始化': 從 'double' 轉換為 'GLfloat'，是由較大的類型轉換為較小的類型，可能導致資料遺失
c:\users\gcobs\desktop\新增資料夾\cg_hw1\cg_hw1\103062116_hw_1-t\cg_hw1\cg_hw1\main.cpp(542): warning C4305: '-=': 從 'double' 轉換為 'float'，是由較大的類型轉換為較小的類型，可能導致資料遺失
c:\users\gcobs\desktop\新增資料夾\cg_hw1\cg_hw1\103062116_hw_1-t\cg_hw1\cg_hw1\main.cpp(548): warning C4305: '+=': 從 'double' 轉換為 'float'，是由較大的類型轉換為較小的類型，可能導致資料遺失
c:\users\gcobs\desktop\新增資料夾\cg_hw1\cg_hw1\103062116_hw_1-t\cg_hw1\cg_hw1\main.cpp(554): warning C4305: '+=': 從 'double' 轉換為 'float'，是由較大的類型轉換為較小的類型，可能導致資料遺失
c:\users\gcobs\desktop\新增資料夾\cg_hw1\cg_hw1\103062116_hw_1-t\cg_hw1\cg_hw1\main.cpp(560): warning C4305: '+=': 從 'double' 轉換為 'float'，是由較大的類型轉換為較小的類型，可能導致資料遺失
c:\users\gcobs\desktop\新增資料夾\cg_hw1\cg_hw1\103062116_hw_1-t\cg_hw1\cg_hw1\main.cpp(564): warning C4305: '+=': 從 'double' 轉換為 'float'，是由較大的類型轉換為較小的類型，可能導致資料遺失
c:\users\gcobs\desktop\新增資料夾\cg_hw1\cg_hw1\103062116_hw_1-t\cg_hw1\cg_hw1\main.cpp(568): warning C4305: '+=': 從 'double' 轉換為 'float'，是由較大的類型轉換為較小的類型，可能導致資料遺失
c:\users\gcobs\desktop\新增資料夾\cg_hw1\cg_hw1\103062116_hw_1-t\cg_hw1\cg_hw1\main.cpp(577): warning C4305: '+=': 從 'double' 轉換為 'float'，是由較大的類型轉換為較小的類型，可能導致資料遺失
c:\users\gcobs\desktop\新增資料夾\cg_hw1\cg_hw1\103062116_hw_1-t\cg_hw1\cg_hw1\main.cpp(583): warning C4305: '-=': 從 'double' 轉換為 'float'，是由較大的類型轉換為較小的類型，可能導致資料遺失
c:\users\gcobs\desktop\新增資料夾\cg_hw1\cg_hw1\103062116_hw_1-t\cg_hw1\cg_hw1\main.cpp(589): warning C4305: '-=': 從 'double' 轉換為 'float'，是由較大的類型轉換為較小的類型，可能導致資料遺失
c:\users\gcobs\desktop\新增資料夾\cg_hw1\cg_hw1\103062116_hw_1-t\cg_hw1\cg_hw1\main.cpp(595): warning C4305: '-=': 從 'double' 轉換為 'float'，是由較大的類型轉換為較小的類型，可能導致資料遺失
c:\users\gcobs\desktop\新增資料夾\cg_hw1\cg_hw1\103062116_hw_1-t\cg_hw1\cg_hw1\main.cpp(599): warning C4305: '-=': 從 'double' 轉換為 'float'，是由較大的類型轉換為較小的類型，可能導致資料遺失
c:\users\gcobs\desktop\新增資料夾\cg_hw1\cg_hw1\103062116_hw_1-t\cg_hw1\cg_hw1\main.cpp(603): warning C4305: '-=': 從 'double' 轉換為 'float'，是由較大的類型轉換為較小的類型，可能導致資料遺失
c:\users\gcobs\desktop\新增資料夾\cg_hw1\cg_hw1\103062116_hw_1-t\cg_hw1\cg_hw1\main.cpp(631): warning C4244: '+=': 將 'double' 轉換為 'float'，由於類型不同，可能導致資料遺失
c:\users\gcobs\desktop\新增資料夾\cg_hw1\cg_hw1\103062116_hw_1-t\cg_hw1\cg_hw1\main.cpp(632): warning C4244: '+=': 將 'double' 轉換為 'float'，由於類型不同，可能導致資料遺失
c:\users\gcobs\desktop\新增資料夾\cg_hw1\cg_hw1\103062116_hw_1-t\cg_hw1\cg_hw1\main.cpp(638): warning C4244: '+=': 將 'double' 轉換為 'float'，由於類型不同，可能導致資料遺失
c:\users\gcobs\desktop\新增資料夾\cg_hw1\cg_hw1\103062116_hw_1-t\cg_hw1\cg_hw1\main.cpp(639): warning C4244: '+=': 將 'double' 轉換為 'float'，由於類型不同，可能導致資料遺失
c:\users\gcobs\desktop\新增資料夾\cg_hw1\cg_hw1\103062116_hw_1-t\cg_hw1\cg_hw1\main.cpp(645): warning C4244: '+=': 將 'double' 轉換為 'float'，由於類型不同，可能導致資料遺失
c:\users\gcobs\desktop\新增資料夾\cg_hw1\cg_hw1\103062116_hw_1-t\cg_hw1\cg_hw1\main.cpp(646): warning C4244: '+=': 將 'double' 轉換為 'float'，由於類型不同，可能導致資料遺失
c:\users\gcobs\desktop\新增資料夾\cg_hw1\cg_hw1\103062116_hw_1-t\cg_hw1\cg_hw1\main.cpp(652): warning C4244: '+=': 將 'double' 轉換為 'float'，由於類型不同，可能導致資料遺失
c:\users\gcobs\desktop\新增資料夾\cg_hw1\cg_hw1\103062116_hw_1-t\cg_hw1\cg_hw1\main.cpp(653): warning C4244: '-=': 將 'double' 轉換為 'float'，由於類型不同，可能導致資料遺失
c:\users\gcobs\desktop\新增資料夾\cg_hw1\cg_hw1\103062116_hw_1-t\cg_hw1\cg_hw1\main.cpp(657): warning C4244: '+=': 將 'double' 轉換為 'float'，由於類型不同，可能導致資料遺失
c:\users\gcobs\desktop\新增資料夾\cg_hw1\cg_hw1\103062116_hw_1-t\cg_hw1\cg_hw1\main.cpp(658): warning C4244: '+=': 將 'double' 轉換為 'float'，由於類型不同，可能導致資料遺失
c:\users\gcobs\desktop\新增資料夾\cg_hw1\cg_hw1\103062116_hw_1-t\cg_hw1\cg_hw1\main.cpp(662): warning C4244: '+=': 將 'double' 轉換為 'float'，由於類型不同，可能導致資料遺失
c:\users\gcobs\desktop\新增資料夾\cg_hw1\cg_hw1\103062116_hw_1-t\cg_hw1\cg_hw1\main.cpp(663): warning C4244: '+=': 將 'double' 轉換為 'float'，由於類型不同，可能導致資料遺失
c:\users\gcobs\desktop\新增資料夾\cg_hw1\cg_hw1\103062116_hw_1-t\cg_hw1\cg_hw1\main.cpp(784): warning C4244: '=': 將 'int' 轉換為 'GLfloat'，由於類型不同，可能導致資料遺失
c:\users\gcobs\desktop\新增資料夾\cg_hw1\cg_hw1\103062116_hw_1-t\cg_hw1\cg_hw1\main.cpp(825): warning C4018: '<': signed/unsigned 不相符
c:\users\gcobs\desktop\新增資料夾\cg_hw1\cg_hw1\103062116_hw_1-t\cg_hw1\cg_hw1\main.cpp(874): warning C4018: '<': signed/unsigned 不相符
  Matrices.cpp
c:\users\gcobs\desktop\新增資料夾\cg_hw1\cg_hw1\103062116_hw_1-t\cg_hw1\cg_hw1\matrices.cpp(457): warning C4244: '引數': 將 'double' 轉換為 'float'，由於類型不同，可能導致資料遺失
c:\users\gcobs\desktop\新增資料夾\cg_hw1\cg_hw1\103062116_hw_1-t\cg_hw1\cg_hw1\matrices.cpp(458): warning C4244: '引數': 將 'double' 轉換為 'float'，由於類型不同，可能導致資料遺失
  textfile.cpp
  正在產生程式碼
  285 of 293 functions (97.3%) were compiled, the rest were copied from previous compilation.
    5 functions were new in current compilation
    0 functions had inline decision re-evaluated but remain unchanged
  已完成程式碼產生
  CG_HW1.vcxproj -> C:\Users\gcobs\Desktop\新增資料夾\CG_HW1\CG_HW1\103062116_HW_1-t\CG_HW1\Release\CG_HW1.exe
